<?xml version="1.0" encoding="UTF-8"?>
<!-- Generated by org.testng.reporters.JUnitXMLReporter -->
<testsuite hostname="sjcnayasr01-mac" name="Default test" tests="4" failures="0" timestamp="18 May 2019 22:30:10 GMT" time="0.028" errors="0">
  <testcase name="instanceDbProvider" time="0.007" classname="week3.day3.DataProviders.InstanceDataProviderExample"/>
  <testcase name="instanceDbProvider" time="0.001" classname="week3.day3.DataProviders.InstanceDataProviderExample"/>
  <testcase name="instanceDbProvider" time="0.001" classname="week3.day3.DataProviders.InstanceDataProviderExample"/>
  <testcase name="instanceDbProvider" time="0.001" classname="week3.day3.DataProviders.InstanceDataProviderExample"/>
</testsuite>
