<?xml version="1.0" encoding="UTF-8"?>
<testng-results skipped="0" failed="0" total="1" passed="1">
  <reporter-output>
  </reporter-output>
  <suite name="SampleTests" duration-ms="19" started-at="2019-05-15T15:52:31Z" finished-at="2019-05-15T15:52:31Z">
    <groups>
    </groups>
    <test name="SampleTests" duration-ms="19" started-at="2019-05-15T15:52:31Z" finished-at="2019-05-15T15:52:31Z">
      <class name="week2.day4.tests.testLinearSearch">
        <test-method status="PASS" signature="testLenierSearchMethod()[pri:0, instance:week2.day4.tests.testLinearSearch@2aaf7cc2]" name="testLenierSearchMethod" duration-ms="11" started-at="2019-05-15T15:52:31Z" finished-at="2019-05-15T15:52:31Z">
        </test-method>
      </class>
    </test>
  </suite>
</testng-results>
